{"total": {"lines":{"total":2220,"covered":781,"skipped":0,"pct":35.18},"statements":{"total":2564,"covered":856,"skipped":0,"pct":33.38},"functions":{"total":505,"covered":156,"skipped":0,"pct":30.89},"branches":{"total":1573,"covered":337,"skipped":0,"pct":21.42},"branchesTrue":{"total":0,"covered":0,"skipped":0,"pct":100}}
,"/Users/andrumace/SDev/5mtracker/server/src/api.ts": {"lines":{"total":151,"covered":68,"skipped":0,"pct":45.03},"functions":{"total":15,"covered":8,"skipped":0,"pct":53.33},"statements":{"total":168,"covered":73,"skipped":0,"pct":43.45},"branches":{"total":139,"covered":50,"skipped":0,"pct":35.97}}
,"/Users/andrumace/SDev/5mtracker/server/src/config.ts": {"lines":{"total":33,"covered":0,"skipped":0,"pct":0},"functions":{"total":3,"covered":0,"skipped":0,"pct":0},"statements":{"total":33,"covered":0,"skipped":0,"pct":0},"branches":{"total":0,"covered":0,"skipped":0,"pct":100}}
,"/Users/andrumace/SDev/5mtracker/server/src/errors.ts": {"lines":{"total":0,"covered":0,"skipped":0,"pct":0},"functions":{"total":0,"covered":0,"skipped":0,"pct":0},"statements":{"total":0,"covered":0,"skipped":0,"pct":0},"branches":{"total":0,"covered":0,"skipped":0,"pct":0}}
,"/Users/andrumace/SDev/5mtracker/server/src/notes-store.ts": {"lines":{"total":23,"covered":20,"skipped":0,"pct":86.95},"functions":{"total":8,"covered":5,"skipped":0,"pct":62.5},"statements":{"total":25,"covered":21,"skipped":0,"pct":84},"branches":{"total":8,"covered":6,"skipped":0,"pct":75}}
,"/Users/andrumace/SDev/5mtracker/server/src/types.ts": {"lines":{"total":4,"covered":0,"skipped":0,"pct":0},"functions":{"total":0,"covered":0,"skipped":0,"pct":100},"statements":{"total":4,"covered":0,"skipped":0,"pct":0},"branches":{"total":0,"covered":0,"skipped":0,"pct":100}}
,"/Users/andrumace/SDev/5mtracker/server/src/engine/engine.ts": {"lines":{"total":506,"covered":5,"skipped":0,"pct":0.98},"functions":{"total":120,"covered":0,"skipped":0,"pct":0},"statements":{"total":596,"covered":5,"skipped":0,"pct":0.83},"branches":{"total":337,"covered":0,"skipped":0,"pct":0}}
,"/Users/andrumace/SDev/5mtracker/server/src/engine/event-bus.ts": {"lines":{"total":6,"covered":6,"skipped":0,"pct":100},"functions":{"total":3,"covered":3,"skipped":0,"pct":100},"statements":{"total":7,"covered":7,"skipped":0,"pct":100},"branches":{"total":0,"covered":0,"skipped":0,"pct":100}}
,"/Users/andrumace/SDev/5mtracker/server/src/engine/fill-simulator.ts": {"lines":{"total":33,"covered":31,"skipped":0,"pct":93.93},"functions":{"total":5,"covered":4,"skipped":0,"pct":80},"statements":{"total":35,"covered":32,"skipped":0,"pct":91.42},"branches":{"total":22,"covered":15,"skipped":0,"pct":68.18}}
,"/Users/andrumace/SDev/5mtracker/server/src/engine/position-sizer.ts": {"lines":{"total":36,"covered":34,"skipped":0,"pct":94.44},"functions":{"total":8,"covered":8,"skipped":0,"pct":100},"statements":{"total":47,"covered":44,"skipped":0,"pct":93.61},"branches":{"total":27,"covered":20,"skipped":0,"pct":74.07}}
,"/Users/andrumace/SDev/5mtracker/server/src/engine/regime-detector.ts": {"lines":{"total":121,"covered":102,"skipped":0,"pct":84.29},"functions":{"total":28,"covered":27,"skipped":0,"pct":96.42},"statements":{"total":162,"covered":130,"skipped":0,"pct":80.24},"branches":{"total":97,"covered":48,"skipped":0,"pct":49.48}}
,"/Users/andrumace/SDev/5mtracker/server/src/engine/risk.ts": {"lines":{"total":117,"covered":72,"skipped":0,"pct":61.53},"functions":{"total":36,"covered":13,"skipped":0,"pct":36.11},"statements":{"total":129,"covered":76,"skipped":0,"pct":58.91},"branches":{"total":73,"covered":34,"skipped":0,"pct":46.57}}
,"/Users/andrumace/SDev/5mtracker/server/src/engine/shadow-preflight.ts": {"lines":{"total":12,"covered":11,"skipped":0,"pct":91.66},"functions":{"total":3,"covered":3,"skipped":0,"pct":100},"statements":{"total":12,"covered":11,"skipped":0,"pct":91.66},"branches":{"total":10,"covered":9,"skipped":0,"pct":90}}
,"/Users/andrumace/SDev/5mtracker/server/src/engine/tracker.ts": {"lines":{"total":74,"covered":58,"skipped":0,"pct":78.37},"functions":{"total":24,"covered":16,"skipped":0,"pct":66.66},"statements":{"total":83,"covered":60,"skipped":0,"pct":72.28},"branches":{"total":69,"covered":38,"skipped":0,"pct":55.07}}
,"/Users/andrumace/SDev/5mtracker/server/src/engine/trade-store.ts": {"lines":{"total":142,"covered":128,"skipped":0,"pct":90.14},"functions":{"total":35,"covered":27,"skipped":0,"pct":77.14},"statements":{"total":163,"covered":141,"skipped":0,"pct":86.5},"branches":{"total":92,"covered":53,"skipped":0,"pct":57.6}}
,"/Users/andrumace/SDev/5mtracker/server/src/feeds/binance.ts": {"lines":{"total":26,"covered":9,"skipped":0,"pct":34.61},"functions":{"total":3,"covered":0,"skipped":0,"pct":0},"statements":{"total":26,"covered":9,"skipped":0,"pct":34.61},"branches":{"total":13,"covered":0,"skipped":0,"pct":0}}
,"/Users/andrumace/SDev/5mtracker/server/src/feeds/bitstamp.ts": {"lines":{"total":16,"covered":1,"skipped":0,"pct":6.25},"functions":{"total":2,"covered":0,"skipped":0,"pct":0},"statements":{"total":16,"covered":1,"skipped":0,"pct":6.25},"branches":{"total":18,"covered":0,"skipped":0,"pct":0}}
,"/Users/andrumace/SDev/5mtracker/server/src/feeds/bybit.ts": {"lines":{"total":6,"covered":1,"skipped":0,"pct":16.66},"functions":{"total":2,"covered":0,"skipped":0,"pct":0},"statements":{"total":7,"covered":1,"skipped":0,"pct":14.28},"branches":{"total":6,"covered":0,"skipped":0,"pct":0}}
,"/Users/andrumace/SDev/5mtracker/server/src/feeds/coinbase.ts": {"lines":{"total":5,"covered":1,"skipped":0,"pct":20},"functions":{"total":2,"covered":0,"skipped":0,"pct":0},"statements":{"total":6,"covered":1,"skipped":0,"pct":16.66},"branches":{"total":8,"covered":0,"skipped":0,"pct":0}}
,"/Users/andrumace/SDev/5mtracker/server/src/feeds/common.ts": {"lines":{"total":34,"covered":3,"skipped":0,"pct":8.82},"functions":{"total":11,"covered":2,"skipped":0,"pct":18.18},"statements":{"total":40,"covered":3,"skipped":0,"pct":7.5},"branches":{"total":20,"covered":0,"skipped":0,"pct":0}}
,"/Users/andrumace/SDev/5mtracker/server/src/feeds/kraken.ts": {"lines":{"total":9,"covered":1,"skipped":0,"pct":11.11},"functions":{"total":2,"covered":0,"skipped":0,"pct":0},"statements":{"total":11,"covered":1,"skipped":0,"pct":9.09},"branches":{"total":12,"covered":0,"skipped":0,"pct":0}}
,"/Users/andrumace/SDev/5mtracker/server/src/feeds/manager.ts": {"lines":{"total":57,"covered":4,"skipped":0,"pct":7.01},"functions":{"total":16,"covered":0,"skipped":0,"pct":0},"statements":{"total":65,"covered":4,"skipped":0,"pct":6.15},"branches":{"total":37,"covered":0,"skipped":0,"pct":0}}
,"/Users/andrumace/SDev/5mtracker/server/src/feeds/okx.ts": {"lines":{"total":9,"covered":1,"skipped":0,"pct":11.11},"functions":{"total":2,"covered":0,"skipped":0,"pct":0},"statements":{"total":11,"covered":1,"skipped":0,"pct":9.09},"branches":{"total":12,"covered":0,"skipped":0,"pct":0}}
,"/Users/andrumace/SDev/5mtracker/server/src/feeds/oracle.ts": {"lines":{"total":28,"covered":2,"skipped":0,"pct":7.14},"functions":{"total":6,"covered":0,"skipped":0,"pct":0},"statements":{"total":31,"covered":2,"skipped":0,"pct":6.45},"branches":{"total":22,"covered":0,"skipped":0,"pct":0}}
,"/Users/andrumace/SDev/5mtracker/server/src/indicators/technical.ts": {"lines":{"total":47,"covered":37,"skipped":0,"pct":78.72},"functions":{"total":10,"covered":4,"skipped":0,"pct":40},"statements":{"total":58,"covered":38,"skipped":0,"pct":65.51},"branches":{"total":28,"covered":13,"skipped":0,"pct":46.42}}
,"/Users/andrumace/SDev/5mtracker/server/src/polymarket/client.ts": {"lines":{"total":30,"covered":0,"skipped":0,"pct":0},"functions":{"total":7,"covered":0,"skipped":0,"pct":0},"statements":{"total":32,"covered":0,"skipped":0,"pct":0},"branches":{"total":15,"covered":0,"skipped":0,"pct":0}}
,"/Users/andrumace/SDev/5mtracker/server/src/polymarket/markets.ts": {"lines":{"total":67,"covered":4,"skipped":0,"pct":5.97},"functions":{"total":10,"covered":0,"skipped":0,"pct":0},"statements":{"total":79,"covered":4,"skipped":0,"pct":5.06},"branches":{"total":46,"covered":0,"skipped":0,"pct":0}}
,"/Users/andrumace/SDev/5mtracker/server/src/polymarket/orders.ts": {"lines":{"total":200,"covered":7,"skipped":0,"pct":3.5},"functions":{"total":43,"covered":2,"skipped":0,"pct":4.65},"statements":{"total":220,"covered":7,"skipped":0,"pct":3.18},"branches":{"total":210,"covered":0,"skipped":0,"pct":0}}
,"/Users/andrumace/SDev/5mtracker/server/src/polymarket/redeemer.ts": {"lines":{"total":165,"covered":0,"skipped":0,"pct":0},"functions":{"total":46,"covered":0,"skipped":0,"pct":0},"statements":{"total":187,"covered":0,"skipped":0,"pct":0},"branches":{"total":75,"covered":0,"skipped":0,"pct":0}}
,"/Users/andrumace/SDev/5mtracker/server/src/strategies/arb.ts": {"lines":{"total":62,"covered":27,"skipped":0,"pct":43.54},"functions":{"total":12,"covered":5,"skipped":0,"pct":41.66},"statements":{"total":80,"covered":29,"skipped":0,"pct":36.25},"branches":{"total":50,"covered":13,"skipped":0,"pct":26}}
,"/Users/andrumace/SDev/5mtracker/server/src/strategies/base.ts": {"lines":{"total":46,"covered":7,"skipped":0,"pct":15.21},"functions":{"total":12,"covered":2,"skipped":0,"pct":16.66},"statements":{"total":49,"covered":7,"skipped":0,"pct":14.28},"branches":{"total":43,"covered":0,"skipped":0,"pct":0}}
,"/Users/andrumace/SDev/5mtracker/server/src/strategies/efficiency.ts": {"lines":{"total":24,"covered":24,"skipped":0,"pct":100},"functions":{"total":5,"covered":5,"skipped":0,"pct":100},"statements":{"total":30,"covered":26,"skipped":0,"pct":86.66},"branches":{"total":10,"covered":6,"skipped":0,"pct":60}}
,"/Users/andrumace/SDev/5mtracker/server/src/strategies/momentum.ts": {"lines":{"total":40,"covered":37,"skipped":0,"pct":92.5},"functions":{"total":8,"covered":8,"skipped":0,"pct":100},"statements":{"total":50,"covered":40,"skipped":0,"pct":80},"branches":{"total":26,"covered":13,"skipped":0,"pct":50}}
,"/Users/andrumace/SDev/5mtracker/server/src/strategies/whale-hunt.ts": {"lines":{"total":43,"covered":35,"skipped":0,"pct":81.39},"functions":{"total":6,"covered":5,"skipped":0,"pct":83.33},"statements":{"total":52,"covered":37,"skipped":0,"pct":71.15},"branches":{"total":34,"covered":12,"skipped":0,"pct":35.29}}
,"/Users/andrumace/SDev/5mtracker/server/src/ws/server.ts": {"lines":{"total":48,"covered":45,"skipped":0,"pct":93.75},"functions":{"total":12,"covered":9,"skipped":0,"pct":75},"statements":{"total":50,"covered":45,"skipped":0,"pct":90},"branches":{"total":14,"covered":7,"skipped":0,"pct":50}}
}
