{"total": {"lines":{"total":3174,"covered":1819,"skipped":0,"pct":57.3},"statements":{"total":3601,"covered":1961,"skipped":0,"pct":54.45},"functions":{"total":707,"covered":345,"skipped":0,"pct":48.79},"branches":{"total":2379,"covered":935,"skipped":0,"pct":39.3},"branchesTrue":{"total":0,"covered":0,"skipped":0,"pct":100}}
,"/Users/andrumace/SDev/Poly5mBot/server/src/api.ts": {"lines":{"total":239,"covered":122,"skipped":0,"pct":51.04},"functions":{"total":22,"covered":12,"skipped":0,"pct":54.54},"statements":{"total":262,"covered":128,"skipped":0,"pct":48.85},"branches":{"total":207,"covered":90,"skipped":0,"pct":43.47}}
,"/Users/andrumace/SDev/Poly5mBot/server/src/config.ts": {"lines":{"total":35,"covered":0,"skipped":0,"pct":0},"functions":{"total":3,"covered":0,"skipped":0,"pct":0},"statements":{"total":35,"covered":0,"skipped":0,"pct":0},"branches":{"total":0,"covered":0,"skipped":0,"pct":100}}
,"/Users/andrumace/SDev/Poly5mBot/server/src/errors.ts": {"lines":{"total":0,"covered":0,"skipped":0,"pct":0},"functions":{"total":0,"covered":0,"skipped":0,"pct":0},"statements":{"total":0,"covered":0,"skipped":0,"pct":0},"branches":{"total":0,"covered":0,"skipped":0,"pct":0}}
,"/Users/andrumace/SDev/Poly5mBot/server/src/notes-store.ts": {"lines":{"total":41,"covered":31,"skipped":0,"pct":75.6},"functions":{"total":11,"covered":6,"skipped":0,"pct":54.54},"statements":{"total":43,"covered":32,"skipped":0,"pct":74.41},"branches":{"total":25,"covered":12,"skipped":0,"pct":48}}
,"/Users/andrumace/SDev/Poly5mBot/server/src/types.ts": {"lines":{"total":4,"covered":0,"skipped":0,"pct":0},"functions":{"total":0,"covered":0,"skipped":0,"pct":100},"statements":{"total":4,"covered":0,"skipped":0,"pct":0},"branches":{"total":0,"covered":0,"skipped":0,"pct":100}}
,"/Users/andrumace/SDev/Poly5mBot/server/src/activity/store.ts": {"lines":{"total":143,"covered":120,"skipped":0,"pct":83.91},"functions":{"total":33,"covered":21,"skipped":0,"pct":63.63},"statements":{"total":158,"covered":128,"skipped":0,"pct":81.01},"branches":{"total":113,"covered":66,"skipped":0,"pct":58.4}}
,"/Users/andrumace/SDev/Poly5mBot/server/src/engine/account-reconciliation.ts": {"lines":{"total":39,"covered":9,"skipped":0,"pct":23.07},"functions":{"total":4,"covered":2,"skipped":0,"pct":50},"statements":{"total":46,"covered":10,"skipped":0,"pct":21.73},"branches":{"total":43,"covered":1,"skipped":0,"pct":2.32}}
,"/Users/andrumace/SDev/Poly5mBot/server/src/engine/engine.ts": {"lines":{"total":373,"covered":271,"skipped":0,"pct":72.65},"functions":{"total":111,"covered":68,"skipped":0,"pct":61.26},"statements":{"total":434,"covered":299,"skipped":0,"pct":68.89},"branches":{"total":260,"covered":97,"skipped":0,"pct":37.3}}
,"/Users/andrumace/SDev/Poly5mBot/server/src/engine/event-bus.ts": {"lines":{"total":6,"covered":6,"skipped":0,"pct":100},"functions":{"total":3,"covered":3,"skipped":0,"pct":100},"statements":{"total":7,"covered":7,"skipped":0,"pct":100},"branches":{"total":0,"covered":0,"skipped":0,"pct":100}}
,"/Users/andrumace/SDev/Poly5mBot/server/src/engine/execution.ts": {"lines":{"total":128,"covered":44,"skipped":0,"pct":34.37},"functions":{"total":23,"covered":9,"skipped":0,"pct":39.13},"statements":{"total":146,"covered":51,"skipped":0,"pct":34.93},"branches":{"total":74,"covered":22,"skipped":0,"pct":29.72}}
,"/Users/andrumace/SDev/Poly5mBot/server/src/engine/fill-simulator.ts": {"lines":{"total":33,"covered":30,"skipped":0,"pct":90.9},"functions":{"total":5,"covered":4,"skipped":0,"pct":80},"statements":{"total":35,"covered":30,"skipped":0,"pct":85.71},"branches":{"total":22,"covered":13,"skipped":0,"pct":59.09}}
,"/Users/andrumace/SDev/Poly5mBot/server/src/engine/position-sizer.ts": {"lines":{"total":36,"covered":34,"skipped":0,"pct":94.44},"functions":{"total":8,"covered":8,"skipped":0,"pct":100},"statements":{"total":47,"covered":44,"skipped":0,"pct":93.61},"branches":{"total":27,"covered":20,"skipped":0,"pct":74.07}}
,"/Users/andrumace/SDev/Poly5mBot/server/src/engine/regime-detector.ts": {"lines":{"total":121,"covered":102,"skipped":0,"pct":84.29},"functions":{"total":28,"covered":27,"skipped":0,"pct":96.42},"statements":{"total":162,"covered":130,"skipped":0,"pct":80.24},"branches":{"total":97,"covered":48,"skipped":0,"pct":49.48}}
,"/Users/andrumace/SDev/Poly5mBot/server/src/engine/risk.ts": {"lines":{"total":117,"covered":67,"skipped":0,"pct":57.26},"functions":{"total":36,"covered":10,"skipped":0,"pct":27.77},"statements":{"total":129,"covered":70,"skipped":0,"pct":54.26},"branches":{"total":73,"covered":31,"skipped":0,"pct":42.46}}
,"/Users/andrumace/SDev/Poly5mBot/server/src/engine/shadow-preflight.ts": {"lines":{"total":12,"covered":11,"skipped":0,"pct":91.66},"functions":{"total":3,"covered":3,"skipped":0,"pct":100},"statements":{"total":12,"covered":11,"skipped":0,"pct":91.66},"branches":{"total":10,"covered":9,"skipped":0,"pct":90}}
,"/Users/andrumace/SDev/Poly5mBot/server/src/engine/snapshot-emitter.ts": {"lines":{"total":20,"covered":20,"skipped":0,"pct":100},"functions":{"total":4,"covered":4,"skipped":0,"pct":100},"statements":{"total":21,"covered":21,"skipped":0,"pct":100},"branches":{"total":2,"covered":2,"skipped":0,"pct":100}}
,"/Users/andrumace/SDev/Poly5mBot/server/src/engine/state.ts": {"lines":{"total":16,"covered":3,"skipped":0,"pct":18.75},"functions":{"total":5,"covered":3,"skipped":0,"pct":60},"statements":{"total":21,"covered":3,"skipped":0,"pct":14.28},"branches":{"total":18,"covered":0,"skipped":0,"pct":0}}
,"/Users/andrumace/SDev/Poly5mBot/server/src/engine/strategy-runner.ts": {"lines":{"total":56,"covered":45,"skipped":0,"pct":80.35},"functions":{"total":10,"covered":6,"skipped":0,"pct":60},"statements":{"total":64,"covered":48,"skipped":0,"pct":75},"branches":{"total":56,"covered":37,"skipped":0,"pct":66.07}}
,"/Users/andrumace/SDev/Poly5mBot/server/src/engine/tracker.ts": {"lines":{"total":74,"covered":65,"skipped":0,"pct":87.83},"functions":{"total":24,"covered":20,"skipped":0,"pct":83.33},"statements":{"total":83,"covered":69,"skipped":0,"pct":83.13},"branches":{"total":73,"covered":51,"skipped":0,"pct":69.86}}
,"/Users/andrumace/SDev/Poly5mBot/server/src/engine/trade-store.ts": {"lines":{"total":192,"covered":163,"skipped":0,"pct":84.89},"functions":{"total":38,"covered":28,"skipped":0,"pct":73.68},"statements":{"total":212,"covered":178,"skipped":0,"pct":83.96},"branches":{"total":141,"covered":80,"skipped":0,"pct":56.73}}
,"/Users/andrumace/SDev/Poly5mBot/server/src/engine/window-manager.ts": {"lines":{"total":24,"covered":19,"skipped":0,"pct":79.16},"functions":{"total":6,"covered":5,"skipped":0,"pct":83.33},"statements":{"total":26,"covered":21,"skipped":0,"pct":80.76},"branches":{"total":17,"covered":10,"skipped":0,"pct":58.82}}
,"/Users/andrumace/SDev/Poly5mBot/server/src/feeds/binance.ts": {"lines":{"total":26,"covered":9,"skipped":0,"pct":34.61},"functions":{"total":3,"covered":0,"skipped":0,"pct":0},"statements":{"total":26,"covered":9,"skipped":0,"pct":34.61},"branches":{"total":13,"covered":0,"skipped":0,"pct":0}}
,"/Users/andrumace/SDev/Poly5mBot/server/src/feeds/bitstamp.ts": {"lines":{"total":16,"covered":1,"skipped":0,"pct":6.25},"functions":{"total":2,"covered":0,"skipped":0,"pct":0},"statements":{"total":16,"covered":1,"skipped":0,"pct":6.25},"branches":{"total":18,"covered":0,"skipped":0,"pct":0}}
,"/Users/andrumace/SDev/Poly5mBot/server/src/feeds/bybit.ts": {"lines":{"total":6,"covered":1,"skipped":0,"pct":16.66},"functions":{"total":2,"covered":0,"skipped":0,"pct":0},"statements":{"total":7,"covered":1,"skipped":0,"pct":14.28},"branches":{"total":6,"covered":0,"skipped":0,"pct":0}}
,"/Users/andrumace/SDev/Poly5mBot/server/src/feeds/coinbase.ts": {"lines":{"total":5,"covered":1,"skipped":0,"pct":20},"functions":{"total":2,"covered":0,"skipped":0,"pct":0},"statements":{"total":6,"covered":1,"skipped":0,"pct":16.66},"branches":{"total":8,"covered":0,"skipped":0,"pct":0}}
,"/Users/andrumace/SDev/Poly5mBot/server/src/feeds/common.ts": {"lines":{"total":34,"covered":3,"skipped":0,"pct":8.82},"functions":{"total":11,"covered":2,"skipped":0,"pct":18.18},"statements":{"total":40,"covered":3,"skipped":0,"pct":7.5},"branches":{"total":20,"covered":0,"skipped":0,"pct":0}}
,"/Users/andrumace/SDev/Poly5mBot/server/src/feeds/kraken.ts": {"lines":{"total":9,"covered":1,"skipped":0,"pct":11.11},"functions":{"total":2,"covered":0,"skipped":0,"pct":0},"statements":{"total":11,"covered":1,"skipped":0,"pct":9.09},"branches":{"total":12,"covered":0,"skipped":0,"pct":0}}
,"/Users/andrumace/SDev/Poly5mBot/server/src/feeds/manager.ts": {"lines":{"total":57,"covered":32,"skipped":0,"pct":56.14},"functions":{"total":16,"covered":5,"skipped":0,"pct":31.25},"statements":{"total":65,"covered":34,"skipped":0,"pct":52.3},"branches":{"total":37,"covered":15,"skipped":0,"pct":40.54}}
,"/Users/andrumace/SDev/Poly5mBot/server/src/feeds/okx.ts": {"lines":{"total":9,"covered":1,"skipped":0,"pct":11.11},"functions":{"total":2,"covered":0,"skipped":0,"pct":0},"statements":{"total":11,"covered":1,"skipped":0,"pct":9.09},"branches":{"total":12,"covered":0,"skipped":0,"pct":0}}
,"/Users/andrumace/SDev/Poly5mBot/server/src/feeds/oracle.ts": {"lines":{"total":28,"covered":24,"skipped":0,"pct":85.71},"functions":{"total":6,"covered":5,"skipped":0,"pct":83.33},"statements":{"total":31,"covered":25,"skipped":0,"pct":80.64},"branches":{"total":22,"covered":12,"skipped":0,"pct":54.54}}
,"/Users/andrumace/SDev/Poly5mBot/server/src/incident/store.ts": {"lines":{"total":96,"covered":42,"skipped":0,"pct":43.75},"functions":{"total":27,"covered":10,"skipped":0,"pct":37.03},"statements":{"total":102,"covered":42,"skipped":0,"pct":41.17},"branches":{"total":52,"covered":8,"skipped":0,"pct":15.38}}
,"/Users/andrumace/SDev/Poly5mBot/server/src/indicators/technical.ts": {"lines":{"total":47,"covered":37,"skipped":0,"pct":78.72},"functions":{"total":10,"covered":4,"skipped":0,"pct":40},"statements":{"total":58,"covered":38,"skipped":0,"pct":65.51},"branches":{"total":28,"covered":13,"skipped":0,"pct":46.42}}
,"/Users/andrumace/SDev/Poly5mBot/server/src/observability/store.ts": {"lines":{"total":108,"covered":49,"skipped":0,"pct":45.37},"functions":{"total":41,"covered":9,"skipped":0,"pct":21.95},"statements":{"total":131,"covered":50,"skipped":0,"pct":38.16},"branches":{"total":119,"covered":35,"skipped":0,"pct":29.41}}
,"/Users/andrumace/SDev/Poly5mBot/server/src/polymarket/client.ts": {"lines":{"total":30,"covered":0,"skipped":0,"pct":0},"functions":{"total":7,"covered":0,"skipped":0,"pct":0},"statements":{"total":32,"covered":0,"skipped":0,"pct":0},"branches":{"total":15,"covered":0,"skipped":0,"pct":0}}
,"/Users/andrumace/SDev/Poly5mBot/server/src/polymarket/markets.ts": {"lines":{"total":123,"covered":34,"skipped":0,"pct":27.64},"functions":{"total":21,"covered":5,"skipped":0,"pct":23.8},"statements":{"total":146,"covered":39,"skipped":0,"pct":26.71},"branches":{"total":104,"covered":26,"skipped":0,"pct":25}}
,"/Users/andrumace/SDev/Poly5mBot/server/src/polymarket/orders.ts": {"lines":{"total":338,"covered":234,"skipped":0,"pct":69.23},"functions":{"total":60,"covered":31,"skipped":0,"pct":51.66},"statements":{"total":365,"covered":239,"skipped":0,"pct":65.47},"branches":{"total":341,"covered":176,"skipped":0,"pct":51.61}}
,"/Users/andrumace/SDev/Poly5mBot/server/src/polymarket/redeemer.ts": {"lines":{"total":165,"covered":0,"skipped":0,"pct":0},"functions":{"total":46,"covered":0,"skipped":0,"pct":0},"statements":{"total":187,"covered":0,"skipped":0,"pct":0},"branches":{"total":75,"covered":0,"skipped":0,"pct":0}}
,"/Users/andrumace/SDev/Poly5mBot/server/src/shared/observability.ts": {"lines":{"total":3,"covered":3,"skipped":0,"pct":100},"functions":{"total":0,"covered":0,"skipped":0,"pct":100},"statements":{"total":3,"covered":3,"skipped":0,"pct":100},"branches":{"total":0,"covered":0,"skipped":0,"pct":100}}
,"/Users/andrumace/SDev/Poly5mBot/server/src/storage/backfill.ts": {"lines":{"total":59,"covered":0,"skipped":0,"pct":0},"functions":{"total":4,"covered":0,"skipped":0,"pct":0},"statements":{"total":60,"covered":0,"skipped":0,"pct":0},"branches":{"total":40,"covered":0,"skipped":0,"pct":0}}
,"/Users/andrumace/SDev/Poly5mBot/server/src/storage/postgres.ts": {"lines":{"total":30,"covered":0,"skipped":0,"pct":0},"functions":{"total":12,"covered":0,"skipped":0,"pct":0},"statements":{"total":31,"covered":0,"skipped":0,"pct":0},"branches":{"total":10,"covered":0,"skipped":0,"pct":0}}
,"/Users/andrumace/SDev/Poly5mBot/server/src/strategies/arb.ts": {"lines":{"total":62,"covered":27,"skipped":0,"pct":43.54},"functions":{"total":12,"covered":5,"skipped":0,"pct":41.66},"statements":{"total":80,"covered":29,"skipped":0,"pct":36.25},"branches":{"total":50,"covered":13,"skipped":0,"pct":26}}
,"/Users/andrumace/SDev/Poly5mBot/server/src/strategies/base.ts": {"lines":{"total":46,"covered":12,"skipped":0,"pct":26.08},"functions":{"total":12,"covered":3,"skipped":0,"pct":25},"statements":{"total":49,"covered":12,"skipped":0,"pct":24.48},"branches":{"total":43,"covered":8,"skipped":0,"pct":18.6}}
,"/Users/andrumace/SDev/Poly5mBot/server/src/strategies/efficiency.ts": {"lines":{"total":24,"covered":24,"skipped":0,"pct":100},"functions":{"total":5,"covered":5,"skipped":0,"pct":100},"statements":{"total":30,"covered":26,"skipped":0,"pct":86.66},"branches":{"total":10,"covered":6,"skipped":0,"pct":60}}
,"/Users/andrumace/SDev/Poly5mBot/server/src/strategies/momentum.ts": {"lines":{"total":40,"covered":37,"skipped":0,"pct":92.5},"functions":{"total":8,"covered":8,"skipped":0,"pct":100},"statements":{"total":50,"covered":40,"skipped":0,"pct":80},"branches":{"total":26,"covered":13,"skipped":0,"pct":50}}
,"/Users/andrumace/SDev/Poly5mBot/server/src/strategies/whale-hunt.ts": {"lines":{"total":43,"covered":35,"skipped":0,"pct":81.39},"functions":{"total":6,"covered":5,"skipped":0,"pct":83.33},"statements":{"total":52,"covered":37,"skipped":0,"pct":71.15},"branches":{"total":34,"covered":12,"skipped":0,"pct":35.29}}
,"/Users/andrumace/SDev/Poly5mBot/server/src/ws/server.ts": {"lines":{"total":61,"covered":50,"skipped":0,"pct":81.96},"functions":{"total":13,"covered":9,"skipped":0,"pct":69.23},"statements":{"total":65,"covered":50,"skipped":0,"pct":76.92},"branches":{"total":26,"covered":9,"skipped":0,"pct":34.61}}
}
