{"total": {"lines":{"total":1061,"covered":448,"skipped":0,"pct":42.22},"statements":{"total":1274,"covered":534,"skipped":0,"pct":41.91},"functions":{"total":211,"covered":63,"skipped":0,"pct":29.85},"branches":{"total":1153,"covered":331,"skipped":0,"pct":28.7},"branchesTrue":{"total":0,"covered":0,"skipped":0,"pct":100}}
,"/Users/andrumace/SDev/5mtracker/src/App.tsx": {"lines":{"total":3,"covered":0,"skipped":0,"pct":0},"functions":{"total":1,"covered":0,"skipped":0,"pct":0},"statements":{"total":3,"covered":0,"skipped":0,"pct":0},"branches":{"total":8,"covered":0,"skipped":0,"pct":0}}
,"/Users/andrumace/SDev/5mtracker/src/components/ConnectionSetup.tsx": {"lines":{"total":32,"covered":0,"skipped":0,"pct":0},"functions":{"total":8,"covered":0,"skipped":0,"pct":0},"statements":{"total":36,"covered":0,"skipped":0,"pct":0},"branches":{"total":42,"covered":0,"skipped":0,"pct":0}}
,"/Users/andrumace/SDev/5mtracker/src/components/Dashboard.tsx": {"lines":{"total":1,"covered":0,"skipped":0,"pct":0},"functions":{"total":1,"covered":0,"skipped":0,"pct":0},"statements":{"total":1,"covered":0,"skipped":0,"pct":0},"branches":{"total":0,"covered":0,"skipped":0,"pct":100}}
,"/Users/andrumace/SDev/5mtracker/src/components/ExecutionMetricsCard.tsx": {"lines":{"total":67,"covered":67,"skipped":0,"pct":100},"functions":{"total":4,"covered":4,"skipped":0,"pct":100},"statements":{"total":130,"covered":103,"skipped":0,"pct":79.23},"branches":{"total":151,"covered":109,"skipped":0,"pct":72.18}}
,"/Users/andrumace/SDev/5mtracker/src/components/FeedHealthCard.tsx": {"lines":{"total":46,"covered":46,"skipped":0,"pct":100},"functions":{"total":3,"covered":3,"skipped":0,"pct":100},"statements":{"total":79,"covered":67,"skipped":0,"pct":84.81},"branches":{"total":70,"covered":51,"skipped":0,"pct":72.85}}
,"/Users/andrumace/SDev/5mtracker/src/components/Header.tsx": {"lines":{"total":48,"covered":38,"skipped":0,"pct":79.16},"functions":{"total":9,"covered":6,"skipped":0,"pct":66.66},"statements":{"total":52,"covered":39,"skipped":0,"pct":75},"branches":{"total":52,"covered":32,"skipped":0,"pct":61.53}}
,"/Users/andrumace/SDev/5mtracker/src/components/Layout.tsx": {"lines":{"total":8,"covered":0,"skipped":0,"pct":0},"functions":{"total":4,"covered":0,"skipped":0,"pct":0},"statements":{"total":8,"covered":0,"skipped":0,"pct":0},"branches":{"total":8,"covered":0,"skipped":0,"pct":0}}
,"/Users/andrumace/SDev/5mtracker/src/components/LiveMarket.tsx": {"lines":{"total":24,"covered":0,"skipped":0,"pct":0},"functions":{"total":4,"covered":0,"skipped":0,"pct":0},"statements":{"total":25,"covered":0,"skipped":0,"pct":0},"branches":{"total":58,"covered":0,"skipped":0,"pct":0}}
,"/Users/andrumace/SDev/5mtracker/src/components/MarketTimer.tsx": {"lines":{"total":22,"covered":0,"skipped":0,"pct":0},"functions":{"total":4,"covered":0,"skipped":0,"pct":0},"statements":{"total":23,"covered":0,"skipped":0,"pct":0},"branches":{"total":25,"covered":0,"skipped":0,"pct":0}}
,"/Users/andrumace/SDev/5mtracker/src/components/NotesDrawer.tsx": {"lines":{"total":47,"covered":0,"skipped":0,"pct":0},"functions":{"total":11,"covered":0,"skipped":0,"pct":0},"statements":{"total":54,"covered":0,"skipped":0,"pct":0},"branches":{"total":56,"covered":0,"skipped":0,"pct":0}}
,"/Users/andrumace/SDev/5mtracker/src/components/OrderBook.tsx": {"lines":{"total":15,"covered":0,"skipped":0,"pct":0},"functions":{"total":8,"covered":0,"skipped":0,"pct":0},"statements":{"total":15,"covered":0,"skipped":0,"pct":0},"branches":{"total":19,"covered":0,"skipped":0,"pct":0}}
,"/Users/andrumace/SDev/5mtracker/src/components/PnLCard.tsx": {"lines":{"total":21,"covered":0,"skipped":0,"pct":0},"functions":{"total":11,"covered":0,"skipped":0,"pct":0},"statements":{"total":21,"covered":0,"skipped":0,"pct":0},"branches":{"total":30,"covered":0,"skipped":0,"pct":0}}
,"/Users/andrumace/SDev/5mtracker/src/components/PriceChart.tsx": {"lines":{"total":45,"covered":0,"skipped":0,"pct":0},"functions":{"total":12,"covered":0,"skipped":0,"pct":0},"statements":{"total":47,"covered":0,"skipped":0,"pct":0},"branches":{"total":38,"covered":0,"skipped":0,"pct":0}}
,"/Users/andrumace/SDev/5mtracker/src/components/RecentTrades.tsx": {"lines":{"total":22,"covered":0,"skipped":0,"pct":0},"functions":{"total":8,"covered":0,"skipped":0,"pct":0},"statements":{"total":22,"covered":0,"skipped":0,"pct":0},"branches":{"total":43,"covered":0,"skipped":0,"pct":0}}
,"/Users/andrumace/SDev/5mtracker/src/components/RiskStatusCard.tsx": {"lines":{"total":19,"covered":0,"skipped":0,"pct":0},"functions":{"total":6,"covered":0,"skipped":0,"pct":0},"statements":{"total":23,"covered":0,"skipped":0,"pct":0},"branches":{"total":22,"covered":0,"skipped":0,"pct":0}}
,"/Users/andrumace/SDev/5mtracker/src/components/StrategyCard.tsx": {"lines":{"total":190,"covered":0,"skipped":0,"pct":0},"functions":{"total":40,"covered":0,"skipped":0,"pct":0},"statements":{"total":205,"covered":0,"skipped":0,"pct":0},"branches":{"total":202,"covered":0,"skipped":0,"pct":0}}
,"/Users/andrumace/SDev/5mtracker/src/components/StrategyMini.tsx": {"lines":{"total":14,"covered":0,"skipped":0,"pct":0},"functions":{"total":5,"covered":0,"skipped":0,"pct":0},"statements":{"total":14,"covered":0,"skipped":0,"pct":0},"branches":{"total":20,"covered":0,"skipped":0,"pct":0}}
,"/Users/andrumace/SDev/5mtracker/src/components/StrategyPanel.tsx": {"lines":{"total":41,"covered":35,"skipped":0,"pct":85.36},"functions":{"total":8,"covered":8,"skipped":0,"pct":100},"statements":{"total":54,"covered":43,"skipped":0,"pct":79.62},"branches":{"total":23,"covered":18,"skipped":0,"pct":78.26}}
,"/Users/andrumace/SDev/5mtracker/src/components/TradeLog.tsx": {"lines":{"total":113,"covered":68,"skipped":0,"pct":60.17},"functions":{"total":27,"covered":14,"skipped":0,"pct":51.85},"statements":{"total":142,"covered":73,"skipped":0,"pct":51.4},"branches":{"total":111,"covered":51,"skipped":0,"pct":45.94}}
,"/Users/andrumace/SDev/5mtracker/src/hooks/useWebSocket.ts": {"lines":{"total":246,"covered":157,"skipped":0,"pct":63.82},"functions":{"total":32,"covered":23,"skipped":0,"pct":71.87},"statements":{"total":279,"covered":169,"skipped":0,"pct":60.57},"branches":{"total":171,"covered":68,"skipped":0,"pct":39.76}}
,"/Users/andrumace/SDev/5mtracker/src/store/index.ts": {"lines":{"total":28,"covered":28,"skipped":0,"pct":100},"functions":{"total":1,"covered":1,"skipped":0,"pct":100},"statements":{"total":28,"covered":28,"skipped":0,"pct":100},"branches":{"total":0,"covered":0,"skipped":0,"pct":100}}
,"/Users/andrumace/SDev/5mtracker/src/test-utils/renderWithRegistry.tsx": {"lines":{"total":6,"covered":6,"skipped":0,"pct":100},"functions":{"total":3,"covered":3,"skipped":0,"pct":100},"statements":{"total":10,"covered":9,"skipped":0,"pct":90},"branches":{"total":2,"covered":1,"skipped":0,"pct":50}}
,"/Users/andrumace/SDev/5mtracker/src/types/index.ts": {"lines":{"total":0,"covered":0,"skipped":0,"pct":0},"functions":{"total":0,"covered":0,"skipped":0,"pct":0},"statements":{"total":0,"covered":0,"skipped":0,"pct":0},"branches":{"total":0,"covered":0,"skipped":0,"pct":0}}
,"/Users/andrumace/SDev/5mtracker/src/utils/strategy.ts": {"lines":{"total":3,"covered":3,"skipped":0,"pct":100},"functions":{"total":1,"covered":1,"skipped":0,"pct":100},"statements":{"total":3,"covered":3,"skipped":0,"pct":100},"branches":{"total":2,"covered":1,"skipped":0,"pct":50}}
}
